# JRE version: OpenJDK Runtime Environment JBR-21.0.6+8-631.39-jcef (21.0.6+8) (build 21.0.6+8-b631.39)
# Java VM: OpenJDK 64-Bit Server VM JBR-21.0.6+8-631.39-jcef (21.0.6+8-b631.39, mixed mode, emulated-client, sharing, tiered, compressed oops, compressed class ptrs, g1 gc, windows-amd64)
GC Precious Log:
 CardTable entry size: 512
 Card Set container configuration: InlinePtr #cards 4 size 8 Array Of Cards #cards 32 size 80 Howl #buckets 8 coarsen threshold 7372 Howl Bitmap #cards 1024 size 144 coarsen threshold 921 Card regions per heap region 1 cards per card region 8192
 CPUs: 16 total, 16 available
 Memory: 23922M
 Large Page Support: Disabled
 NUMA Support: Disabled
 Compressed Oops: Enabled (Zero based)
 Heap Region Size: 4M
 Heap Min Capacity: 8M
 Heap Initial Capacity: 376M
 Heap Max Capacity: 5984M
 Pre-touch: Disabled
 Parallel Workers: 13
 Concurrent Workers: 3
 Concurrent Refinement Workers: 13
 Periodic GC: Disabled
Heap:
 garbage-first heap   total 389120K, used 163978K [0x000000068a000000, 0x0000000800000000)
  region size 4096K, 1 young (4096K), 1 survivors (4096K)
 Metaspace       used 89650K, committed 90496K, reserved 1179648K
  class space    used 12933K, committed 13312K, reserved 1048576K
GC Heap History (20 events):
Event: 16.505 GC heap after
{Heap after GC invocations=23 (full 0):
 garbage-first heap   total 110592K, used 56010K [0x000000068a000000, 0x0000000800000000)
  region size 4096K, 2 young (8192K), 2 survivors (8192K)
 Metaspace       used 88068K, committed 88896K, reserved 1179648K
  class space    used 12749K, committed 13120K, reserved 1048576K
}
Event: 16.698 GC heap before
{Heap before GC invocations=23 (full 0):
 garbage-first heap   total 110592K, used 88778K [0x000000068a000000, 0x0000000800000000)
  region size 4096K, 10 young (40960K), 2 survivors (8192K)
 Metaspace       used 89647K, committed 90496K, reserved 1179648K
  class space    used 12929K, committed 13312K, reserved 1048576K
}
Event: 16.704 GC heap after
{Heap after GC invocations=24 (full 0):
 garbage-first heap   total 110592K, used 63284K [0x000000068a000000, 0x0000000800000000)
  region size 4096K, 2 young (8192K), 2 survivors (8192K)
 Metaspace       used 89647K, committed 90496K, reserved 1179648K
  class space    used 12929K, committed 13312K, reserved 1048576K
}
Event: 16.776 GC heap before
{Heap before GC invocations=25 (full 0):
 garbage-first heap   total 110592K, used 91956K [0x000000068a000000, 0x0000000800000000)
  region size 4096K, 9 young (36864K), 2 survivors (8192K)
 Metaspace       used 89647K, committed 90496K, reserved 1179648K
  class space    used 12929K, committed 13312K, reserved 1048576K
}
Event: 16.786 GC heap after
{Heap after GC invocations=26 (full 0):
 garbage-first heap   total 110592K, used 73728K [0x000000068a000000, 0x0000000800000000)
  region size 4096K, 2 young (8192K), 2 survivors (8192K)
 Metaspace       used 89647K, committed 90496K, reserved 1179648K
  class space    used 12929K, committed 13312K, reserved 1048576K
}
Event: 16.835 GC heap before
{Heap before GC invocations=26 (full 0):
 garbage-first heap   total 110592K, used 94208K [0x000000068a000000, 0x0000000800000000)
  region size 4096K, 7 young (28672K), 2 survivors (8192K)
 Metaspace       used 89647K, committed 90496K, reserved 1179648K
  class space    used 12929K, committed 13312K, reserved 1048576K
}
Event: 16.844 GC heap after
{Heap after GC invocations=27 (full 0):
 garbage-first heap   total 114688K, used 81920K [0x000000068a000000, 0x0000000800000000)
  region size 4096K, 1 young (4096K), 1 survivors (4096K)
 Metaspace       used 89647K, committed 90496K, reserved 1179648K
  class space    used 12929K, committed 13312K, reserved 1048576K
}
Event: 16.878 GC heap before
{Heap before GC invocations=27 (full 0):
 garbage-first heap   total 114688K, used 98304K [0x000000068a000000, 0x0000000800000000)
  region size 4096K, 5 young (20480K), 1 survivors (4096K)
 Metaspace       used 89647K, committed 90496K, reserved 1179648K
  class space    used 12929K, committed 13312K, reserved 1048576K
}
Event: 16.884 GC heap after
{Heap after GC invocations=28 (full 0):
 garbage-first heap   total 229376K, used 89462K [0x000000068a000000, 0x0000000800000000)
  region size 4096K, 1 young (4096K), 1 survivors (4096K)
 Metaspace       used 89647K, committed 90496K, reserved 1179648K
  class space    used 12929K, committed 13312K, reserved 1048576K
}
Event: 17.081 GC heap before
{Heap before GC invocations=29 (full 0):
 garbage-first heap   total 229376K, used 167286K [0x000000068a000000, 0x0000000800000000)
  region size 4096K, 20 young (81920K), 1 survivors (4096K)
 Metaspace       used 89650K, committed 90496K, reserved 1179648K
  class space    used 12933K, committed 13312K, reserved 1048576K
}
Event: 17.091 GC heap after
{Heap after GC invocations=30 (full 0):
 garbage-first heap   total 229376K, used 102790K [0x000000068a000000, 0x0000000800000000)
  region size 4096K, 3 young (12288K), 3 survivors (12288K)
 Metaspace       used 89650K, committed 90496K, reserved 1179648K
  class space    used 12933K, committed 13312K, reserved 1048576K
}
Event: 17.248 GC heap before
{Heap before GC invocations=30 (full 0):
 garbage-first heap   total 229376K, used 172422K [0x000000068a000000, 0x0000000800000000)
  region size 4096K, 20 young (81920K), 3 survivors (12288K)
 Metaspace       used 89650K, committed 90496K, reserved 1179648K
  class space    used 12933K, committed 13312K, reserved 1048576K
}
Event: 17.270 GC heap after
{Heap after GC invocations=31 (full 0):
 garbage-first heap   total 229376K, used 129477K [0x000000068a000000, 0x0000000800000000)
  region size 4096K, 3 young (12288K), 3 survivors (12288K)
 Metaspace       used 89650K, committed 90496K, reserved 1179648K
  class space    used 12933K, committed 13312K, reserved 1048576K
}
Event: 17.400 GC heap before
{Heap before GC invocations=31 (full 0):
 garbage-first heap   total 229376K, used 182725K [0x000000068a000000, 0x0000000800000000)
  region size 4096K, 16 young (65536K), 3 survivors (12288K)
 Metaspace       used 89650K, committed 90496K, reserved 1179648K
  class space    used 12933K, committed 13312K, reserved 1048576K
}
Event: 17.416 GC heap after
{Heap after GC invocations=32 (full 0):
 garbage-first heap   total 229376K, used 150149K [0x000000068a000000, 0x0000000800000000)
  region size 4096K, 2 young (8192K), 2 survivors (8192K)
 Metaspace       used 89650K, committed 90496K, reserved 1179648K
  class space    used 12933K, committed 13312K, reserved 1048576K
}
Event: 17.516 GC heap before
{Heap before GC invocations=33 (full 0):
 garbage-first heap   total 245760K, used 187013K [0x000000068a000000, 0x0000000800000000)
  region size 4096K, 12 young (49152K), 2 survivors (8192K)
 Metaspace       used 89650K, committed 90496K, reserved 1179648K
  class space    used 12933K, committed 13312K, reserved 1048576K
}
Event: 17.528 GC heap after
{Heap after GC invocations=34 (full 0):
 garbage-first heap   total 245760K, used 163840K [0x000000068a000000, 0x0000000800000000)
  region size 4096K, 2 young (8192K), 2 survivors (8192K)
 Metaspace       used 89650K, committed 90496K, reserved 1179648K
  class space    used 12933K, committed 13312K, reserved 1048576K
}
Event: 17.632 GC heap before
{Heap before GC invocations=34 (full 0):
 garbage-first heap   total 245760K, used 208896K [0x000000068a000000, 0x0000000800000000)
  region size 4096K, 12 young (49152K), 2 survivors (8192K)
 Metaspace       used 89650K, committed 90496K, reserved 1179648K
  class space    used 12933K, committed 13312K, reserved 1048576K
}
Event: 17.646 GC heap after
{Heap after GC invocations=35 (full 0):
 garbage-first heap   total 245760K, used 160171K [0x000000068a000000, 0x0000000800000000)
  region size 4096K, 2 young (8192K), 2 survivors (8192K)
 Metaspace       used 89650K, committed 90496K, reserved 1179648K
  class space    used 12933K, committed 13312K, reserved 1048576K
}
Event: 17.732 GC heap before
{Heap before GC invocations=35 (full 0):
 garbage-first heap   total 245760K, used 197035K [0x000000068a000000, 0x0000000800000000)
  region size 4096K, 12 young (49152K), 2 survivors (8192K)
 Metaspace       used 89650K, committed 90496K, reserved 1179648K
  class space    used 12933K, committed 13312K, reserved 1048576K
}

